<?xml version="1.0" encoding="UTF-8"?>
<!-- Generated by org.testng.reporters.JUnitReportReporter -->
<testsuite hostname="ASHWIN" failures="0" tests="10" name="com.medopract.testscript.AppointmentsCalenderTest" time="225.236" errors="0" timestamp="2023-07-19T11:09:41 IST" skipped="0">
  <testcase classname="com.medopract.testscript.AppointmentsCalenderTest" name="AddAppointmentsCalender" time="28.862"/>
  <testcase classname="com.medopract.testscript.AppointmentsCalenderTest" name="AddAppointmentWithoutName" time="21.264"/>
  <testcase classname="com.medopract.testscript.AppointmentsCalenderTest" name="AddAppointmentWithoutVisitReason" time="23.312"/>
  <testcase classname="com.medopract.testscript.AppointmentsCalenderTest" name="addPatientWithoutContactNo" time="23.392"/>
  <testcase classname="com.medopract.testscript.AppointmentsCalenderTest" name="updateWithInvaliedData" time="21.800"/>
  <testcase classname="com.medopract.testscript.AppointmentsCalenderTest" name="updateAppointmentWithValidData" time="21.556"/>
  <testcase classname="com.medopract.testscript.AppointmentsCalenderTest" name="existingAppointmentInMonth" time="31.288"/>
  <testcase classname="com.medopract.testscript.AppointmentsCalenderTest" name="existingAppointmentInWeek" time="22.573"/>
  <testcase classname="com.medopract.testscript.AppointmentsCalenderTest" name="existingAppointmentInDay" time="18.697"/>
  <testcase classname="com.medopract.testscript.AppointmentsCalenderTest" name="agenda" time="12.492"/>
</testsuite> <!-- com.medopract.testscript.AppointmentsCalenderTest -->
