<?xml version="1.0" encoding="UTF-8"?>
<!-- Generated by org.testng.reporters.JUnitReportReporter -->
<testsuite hostname="ASHWIN" failures="0" tests="1" name="com.medopract.testscript.ViewOrEditTest" time="22.636" errors="0" timestamp="2023-07-10T13:18:45 IST" skipped="0">
  <testcase classname="com.medopract.testscript.ViewOrEditTest" name="cancelEdit" time="22.636"/>
</testsuite> <!-- com.medopract.testscript.ViewOrEditTest -->
