<?xml version="1.0" encoding="UTF-8"?>
<!-- Generated by org.testng.reporters.JUnitReportReporter -->
<testsuite hostname="ASHWIN" failures="0" tests="6" name="com.medopract.testscript.AddPatientTest" time="137.299" errors="0" timestamp="2023-07-18T11:33:35 IST" skipped="0">
  <testcase classname="com.medopract.testscript.AddPatientTest" name="AddPatient" time="41.770"/>
  <testcase classname="com.medopract.testscript.AddPatientTest" name="resetPatientData" time="10.159"/>
  <testcase classname="com.medopract.testscript.AddPatientTest" name="withoutMandatoryAllData" time="32.183"/>
  <testcase classname="com.medopract.testscript.AddPatientTest" name="nameWithSpecialCharacter" time="7.358"/>
  <testcase classname="com.medopract.testscript.AddPatientTest" name="withIncorrectPhoneNo" time="7.382"/>
  <testcase classname="com.medopract.testscript.AddPatientTest" name="sameContactNoInEmergencyField" time="38.447"/>
</testsuite> <!-- com.medopract.testscript.AddPatientTest -->
