<?xml version="1.0" encoding="UTF-8"?>
<!-- Generated by org.testng.reporters.JUnitReportReporter -->
<testsuite hostname="ASHWIN" failures="0" tests="1" name="com.medopract.testscript.PatientVisitTest" time="36.214" errors="0" timestamp="2023-07-12T14:08:09 IST" skipped="0">
  <testcase classname="com.medopract.testscript.PatientVisitTest" name="foollowup" time="36.214"/>
</testsuite> <!-- com.medopract.testscript.PatientVisitTest -->
