<?xml version="1.0" encoding="UTF-8"?>
<!-- Generated by org.testng.reporters.JUnitReportReporter -->
<testsuite hostname="ASHWIN" failures="0" tests="1" name="com.actitime.testscript.loginTest" time="6.928" errors="0" timestamp="2023-07-02T22:12:59 IST" skipped="0">
  <testcase classname="com.actitime.testscript.loginTest" name="Test1" time="6.928"/>
</testsuite> <!-- com.actitime.testscript.loginTest -->
