<?xml version="1.0" encoding="UTF-8"?>
<!-- Generated by org.testng.reporters.JUnitReportReporter -->
<testsuite hostname="ASHWIN" failures="0" tests="9" name="com.medopract.testscript.HomePageAppointmentTest" time="68.818" errors="0" timestamp="2023-07-19T20:04:59 IST" skipped="0">
  <testcase classname="com.medopract.testscript.HomePageAppointmentTest" name="addAppointmentWithoutData" time="6.222"/>
  <testcase classname="com.medopract.testscript.HomePageAppointmentTest" name="clickingMinusSign" time="9.187"/>
  <testcase classname="com.medopract.testscript.HomePageAppointmentTest" name="addAppointmentWithoutVisitReason" time="9.554"/>
  <testcase classname="com.medopract.testscript.HomePageAppointmentTest" name="addAppointment" time="5.210"/>
  <testcase classname="com.medopract.testscript.HomePageAppointmentTest" name="addAppointmentwithoutContactNo" time="7.341"/>
  <testcase classname="com.medopract.testscript.HomePageAppointmentTest" name="EditExistingAppointment" time="16.578"/>
  <testcase classname="com.medopract.testscript.HomePageAppointmentTest" name="ClickSMSReminder" time="5.218"/>
  <testcase classname="com.medopract.testscript.HomePageAppointmentTest" name="ClickAgainSMSReminder" time="5.220"/>
  <testcase classname="com.medopract.testscript.HomePageAppointmentTest" name="CancelAppointment" time="4.288"/>
</testsuite> <!-- com.medopract.testscript.HomePageAppointmentTest -->
