<?xml version="1.0" encoding="UTF-8"?>
<!-- Generated by org.testng.reporters.JUnitReportReporter -->
<testsuite hostname="ASHWIN" failures="0" tests="1" name="loginTest" time="3.786" errors="0" timestamp="2023-07-01T10:18:44 IST" skipped="0">
  <testcase classname="loginTest" name="Test1" time="3.786"/>
</testsuite> <!-- loginTest -->
