<?xml version="1.0" encoding="UTF-8"?>
<!-- Generated by org.testng.reporters.JUnitReportReporter -->
<testsuite hostname="ASHWIN" failures="0" tests="2" name="com.medopract.testscript.ViewPrescriptionTest" time="50.738" errors="0" timestamp="2023-07-12T15:44:54 IST" skipped="0">
  <testcase classname="com.medopract.testscript.ViewPrescriptionTest" name="viewPrescription" time="24.319"/>
  <testcase classname="com.medopract.testscript.ViewPrescriptionTest" name="patientDetails" time="26.419"/>
</testsuite> <!-- com.medopract.testscript.ViewPrescriptionTest -->
