<?xml version="1.0" encoding="UTF-8"?>
<!-- Generated by org.testng.reporters.JUnitReportReporter -->
<testsuite hostname="ASHWIN" failures="0" tests="2" name="com.medopract.testscript.ForgetPasswordTest" time="0.608" errors="0" timestamp="2023-08-02T11:07:27 IST" skipped="0">
  <testcase classname="com.medopract.testscript.ForgetPasswordTest" name="forgotpassword" time="0.519"/>
  <testcase classname="com.medopract.testscript.ForgetPasswordTest" name="BackLoginPage" time="0.089"/>
</testsuite> <!-- com.medopract.testscript.ForgetPasswordTest -->
