<?xml version="1.0" encoding="UTF-8"?>
<!-- Generated by org.testng.reporters.JUnitReportReporter -->
<testsuite hostname="ASHWIN" failures="0" tests="8" name="com.medopract.testscript.RegistrationPageTest" time="119.166" errors="0" timestamp="2023-07-10T09:47:59 IST" skipped="0">
  <testcase classname="com.medopract.testscript.RegistrationPageTest" name="Registration" time="16.270"/>
  <testcase classname="com.medopract.testscript.RegistrationPageTest" name="withoutMandatoryAllField" time="16.625"/>
  <testcase classname="com.medopract.testscript.RegistrationPageTest" name="loginWithExistingDataAgain" time="16.579"/>
  <testcase classname="com.medopract.testscript.RegistrationPageTest" name="withoutConfirmUsernameField" time="18.332"/>
  <testcase classname="com.medopract.testscript.RegistrationPageTest" name="invalidConfirmUsernameField" time="17.337"/>
  <testcase classname="com.medopract.testscript.RegistrationPageTest" name="withoutAgreeTermCheckBox" time="16.948"/>
  <testcase classname="com.medopract.testscript.RegistrationPageTest" name="alreadyAnUser" time="7.545"/>
  <testcase classname="com.medopract.testscript.RegistrationPageTest" name="withClickHelp" time="9.530"/>
</testsuite> <!-- com.medopract.testscript.RegistrationPageTest -->
