<?xml version="1.0" encoding="UTF-8"?>
<!-- Generated by org.testng.reporters.JUnitReportReporter -->
<testsuite hostname="ASHWIN" failures="0" tests="6" name="com.medopract.testscript.LoginTest" time="66.835" errors="0" timestamp="2023-07-19T14:20:55 IST" skipped="0">
  <testcase classname="com.medopract.testscript.LoginTest" name="loginWithoutData" time="10.410"/>
  <testcase classname="com.medopract.testscript.LoginTest" name="loginWithoutPassword" time="8.312"/>
  <testcase classname="com.medopract.testscript.LoginTest" name="loginWithoutUsername" time="8.425"/>
  <testcase classname="com.medopract.testscript.LoginTest" name="incorrectDetails" time="13.452"/>
  <testcase classname="com.medopract.testscript.LoginTest" name="loginwithoutRememberMe" time="14.767"/>
  <testcase classname="com.medopract.testscript.LoginTest" name="loginWithRememberMe" time="11.469"/>
</testsuite> <!-- com.medopract.testscript.LoginTest -->
