<?xml version="1.0" encoding="UTF-8"?>
<!-- Generated by org.testng.reporters.JUnitReportReporter -->
<testsuite hostname="ASHWIN" failures="0" tests="7" name="com.medopract.testscript.ToDoListTest" time="34.752" errors="0" timestamp="2023-08-03T15:07:22 IST" skipped="0">
  <testcase classname="com.medopract.testscript.ToDoListTest" name="Todolist" time="7.688"/>
  <testcase classname="com.medopract.testscript.ToDoListTest" name="CompletedTask" time="4.130"/>
  <testcase classname="com.medopract.testscript.ToDoListTest" name="withoutTaskDetails" time="2.150"/>
  <testcase classname="com.medopract.testscript.ToDoListTest" name="withoutDueDate" time="4.289"/>
  <testcase classname="com.medopract.testscript.ToDoListTest" name="viewCompletedTask" time="12.092"/>
  <testcase classname="com.medopract.testscript.ToDoListTest" name="viewOpenTask" time="0.085"/>
  <testcase classname="com.medopract.testscript.ToDoListTest" name="deleteTask" time="4.318"/>
</testsuite> <!-- com.medopract.testscript.ToDoListTest -->
