<?xml version="1.0" encoding="UTF-8"?>
<!-- Generated by org.testng.reporters.JUnitReportReporter -->
<testsuite hostname="ASHWIN" failures="0" tests="1" name="com.medopract.testscript.AddPrescriptionTest" time="44.761" errors="0" timestamp="2023-07-12T15:16:34 IST" skipped="0">
  <testcase classname="com.medopract.testscript.AddPrescriptionTest" name="downloadPrescriptionAgain" time="44.761"/>
</testsuite> <!-- com.medopract.testscript.AddPrescriptionTest -->
