<?xml version="1.0" encoding="UTF-8"?>
<!-- Generated by org.testng.reporters.JUnitReportReporter -->
<testsuite hostname="ASHWIN" failures="0" tests="4" name="com.medopract.testscript.LoginTest002" time="32.906" errors="0" timestamp="2023-09-05T10:43:56 IST" skipped="0">
  <testcase classname="com.medopract.testscript.LoginTest002" name="login" time="7.746"/>
  <testcase classname="com.medopract.testscript.LoginTest002" name="login" time="7.192"/>
  <testcase classname="com.medopract.testscript.LoginTest002" name="login" time="6.946"/>
  <testcase classname="com.medopract.testscript.LoginTest002" name="login" time="11.022"/>
</testsuite> <!-- com.medopract.testscript.LoginTest002 -->
