<?xml version="1.0" encoding="UTF-8"?>
<!-- Generated by org.testng.reporters.JUnitReportReporter -->
<testsuite hostname="ASHWIN" failures="0" tests="5" name="com.medopract.testscript.ViewPrescriptionTest" time="38.358" errors="0" timestamp="2023-07-18T17:49:45 IST" skipped="0">
  <testcase classname="com.medopract.testscript.ViewPrescriptionTest" name="viewPrescription" time="10.600"/>
  <testcase classname="com.medopract.testscript.ViewPrescriptionTest" name="printPrescription" time="6.235"/>
  <testcase classname="com.medopract.testscript.ViewPrescriptionTest" name="downloadPrescription" time="12.291"/>
  <testcase classname="com.medopract.testscript.ViewPrescriptionTest" name="clickingBackButton" time="3.076"/>
  <testcase classname="com.medopract.testscript.ViewPrescriptionTest" name="patientDetails" time="6.156"/>
</testsuite> <!-- com.medopract.testscript.ViewPrescriptionTest -->
