<?xml version="1.0" encoding="UTF-8"?>
<!-- Generated by org.testng.reporters.JUnitReportReporter -->
<testsuite hostname="ASHWIN" failures="0" tests="3" name="com.medopract.testscript.AddPatientTest" time="141.460" errors="0" timestamp="2023-07-12T10:13:53 IST" skipped="0">
  <testcase classname="com.medopract.testscript.AddPatientTest" name="AddPatient" time="50.292"/>
  <testcase classname="com.medopract.testscript.AddPatientTest" name="resetPatientData" time="48.214"/>
  <testcase classname="com.medopract.testscript.AddPatientTest" name="withoutMandatoryAllData" time="42.954"/>
</testsuite> <!-- com.medopract.testscript.AddPatientTest -->
