<?xml version="1.0" encoding="UTF-8"?>
<!-- Generated by org.testng.reporters.JUnitReportReporter -->
<testsuite hostname="ASHWIN" failures="0" tests="7" name="com.medopract.testscript.LoginTest" time="1.558" errors="1" timestamp="2023-09-04T23:39:36 IST" skipped="6">
  <testcase classname="com.medopract.testscript.LoginTest" name="OpenApplication" time="1.558">
    <error message="The driver executable does not exist: C:\Users\vashw\Desktop\Selenium\Login\.\drivers\chromedriver.exe" type="java.lang.IllegalStateException">
      <![CDATA[java.lang.IllegalStateException: The driver executable does not exist: C:\Users\vashw\Desktop\Selenium\Login\.\drivers\chromedriver.exe
at com.google.common.base.Preconditions.checkState(Preconditions.java:601)
at org.openqa.selenium.remote.service.DriverService.checkExecutable(DriverService.java:146)
at org.openqa.selenium.remote.service.DriverService.findExecutable(DriverService.java:141)
at org.openqa.selenium.chrome.ChromeDriverService.access$000(ChromeDriverService.java:35)
at org.openqa.selenium.chrome.ChromeDriverService$Builder.findDefaultExecutable(ChromeDriverService.java:159)
at org.openqa.selenium.remote.service.DriverService$Builder.build(DriverService.java:355)
at org.openqa.selenium.chrome.ChromeDriverService.createDefaultService(ChromeDriverService.java:94)
at org.openqa.selenium.chrome.ChromeDriver.<init>(ChromeDriver.java:123)
at com.medopract.generic.BaseClass.initializeDriver(BaseClass.java:30)
at com.medopract.testscript.LoginTest.OpenApplication(LoginTest.java:24)
at java.base/jdk.internal.reflect.DirectMethodHandleAccessor.invoke(DirectMethodHandleAccessor.java:104)
at java.base/java.lang.reflect.Method.invoke(Method.java:578)
at org.testng.internal.invokers.MethodInvocationHelper.invokeMethod(MethodInvocationHelper.java:139)
at org.testng.internal.invokers.MethodInvocationHelper.invokeMethodConsideringTimeout(MethodInvocationHelper.java:69)
at org.testng.internal.invokers.ConfigInvoker.invokeConfigurationMethod(ConfigInvoker.java:390)
at org.testng.internal.invokers.ConfigInvoker.invokeConfigurations(ConfigInvoker.java:325)
at org.testng.internal.invokers.TestMethodWorker.invokeBeforeClassMethods(TestMethodWorker.java:180)
at org.testng.internal.invokers.TestMethodWorker.run(TestMethodWorker.java:122)
at java.base/java.util.ArrayList.forEach(ArrayList.java:1511)
at org.testng.TestRunner.privateRun(TestRunner.java:848)
at org.testng.TestRunner.run(TestRunner.java:621)
at org.testng.SuiteRunner.runTest(SuiteRunner.java:443)
at org.testng.SuiteRunner.runSequentially(SuiteRunner.java:437)
at org.testng.SuiteRunner.privateRun(SuiteRunner.java:397)
at org.testng.SuiteRunner.run(SuiteRunner.java:336)
at org.testng.SuiteRunnerWorker.runSuite(SuiteRunnerWorker.java:52)
at org.testng.SuiteRunnerWorker.run(SuiteRunnerWorker.java:95)
at org.testng.TestNG.runSuitesSequentially(TestNG.java:1280)
at org.testng.TestNG.runSuitesLocally(TestNG.java:1200)
at org.testng.TestNG.runSuites(TestNG.java:1114)
at org.testng.TestNG.run(TestNG.java:1082)
at org.testng.remote.AbstractRemoteTestNG.run(AbstractRemoteTestNG.java:115)
at org.testng.remote.RemoteTestNG.initAndRun(RemoteTestNG.java:251)
at org.testng.remote.RemoteTestNG.main(RemoteTestNG.java:77)
]]>
    </error>
  </testcase> <!-- OpenApplication -->
  <testcase classname="com.medopract.testscript.LoginTest" name="loginWithoutData" time="0.000">
    <skipped/>
  </testcase> <!-- loginWithoutData -->
  <testcase classname="com.medopract.testscript.LoginTest" name="loginWithoutPassword" time="0.000">
    <skipped/>
  </testcase> <!-- loginWithoutPassword -->
  <testcase classname="com.medopract.testscript.LoginTest" name="loginWithoutUsername" time="0.000">
    <skipped/>
  </testcase> <!-- loginWithoutUsername -->
  <testcase classname="com.medopract.testscript.LoginTest" name="incorrectDetails" time="0.000">
    <skipped/>
  </testcase> <!-- incorrectDetails -->
  <testcase classname="com.medopract.testscript.LoginTest" name="loginwithoutRememberMe" time="0.000">
    <skipped/>
  </testcase> <!-- loginwithoutRememberMe -->
  <testcase classname="com.medopract.testscript.LoginTest" name="loginWithRememberMe" time="0.000">
    <skipped/>
  </testcase> <!-- loginWithRememberMe -->
</testsuite> <!-- com.medopract.testscript.LoginTest -->
