<?xml version="1.0" encoding="UTF-8"?>
<!-- Generated by org.testng.reporters.JUnitReportReporter -->
<testsuite hostname="ASHWIN" failures="0" tests="7" name="com.medopract.testscript.AddPrescriptionTest" time="117.528" errors="0" timestamp="2023-07-18T13:42:06 IST" skipped="0">
  <testcase classname="com.medopract.testscript.AddPrescriptionTest" name="withoutAddingMedicineField" time="12.792"/>
  <testcase classname="com.medopract.testscript.AddPrescriptionTest" name="addPrescription" time="21.999"/>
  <testcase classname="com.medopract.testscript.AddPrescriptionTest" name="printPrescription" time="10.195"/>
  <testcase classname="com.medopract.testscript.AddPrescriptionTest" name="downloadPrescriptionAgain" time="12.225"/>
  <testcase classname="com.medopract.testscript.AddPrescriptionTest" name="clickingBack" time="5.644"/>
  <testcase classname="com.medopract.testscript.AddPrescriptionTest" name="cancelAddedMedicineField" time="32.817"/>
  <testcase classname="com.medopract.testscript.AddPrescriptionTest" name="withInvaliedMedicineField" time="21.856"/>
</testsuite> <!-- com.medopract.testscript.AddPrescriptionTest -->
