<?xml version="1.0" encoding="UTF-8"?>
<!-- Generated by org.testng.reporters.JUnitReportReporter -->
<testsuite hostname="ASHWIN" failures="0" tests="4" name="com.medopract.testscript.ReportsTest" time="87.809" errors="0" timestamp="2023-07-19T12:13:40 IST" skipped="0">
  <testcase classname="com.medopract.testscript.ReportsTest" name="PatientsTab" time="34.853"/>
  <testcase classname="com.medopract.testscript.ReportsTest" name="addPatient" time="43.617"/>
  <testcase classname="com.medopract.testscript.ReportsTest" name="dateView" time="6.166"/>
  <testcase classname="com.medopract.testscript.ReportsTest" name="cancel" time="3.173"/>
</testsuite> <!-- com.medopract.testscript.ReportsTest -->
