<?xml version="1.0" encoding="UTF-8"?>
<!-- Generated by org.testng.reporters.JUnitReportReporter -->
<testsuite hostname="ASHWIN" failures="0" tests="1" name="com.medopract.testscript.ToDoListTest" time="19.444" errors="0" timestamp="2023-07-10T15:42:42 IST" skipped="0">
  <testcase classname="com.medopract.testscript.ToDoListTest" name="viewOpenTask" time="19.444"/>
</testsuite> <!-- com.medopract.testscript.ToDoListTest -->
