<?xml version="1.0" encoding="UTF-8"?>
<!-- Generated by org.testng.reporters.JUnitReportReporter -->
<testsuite hostname="ASHWIN" failures="0" tests="2" name="com.medopract.testscript.ForgetPasswordTest" time="9.623" errors="0" timestamp="2023-07-19T12:23:15 IST" skipped="0">
  <testcase classname="com.medopract.testscript.ForgetPasswordTest" name="forgotpassword" time="6.512"/>
  <testcase classname="com.medopract.testscript.ForgetPasswordTest" name="BackLoginPage" time="3.111"/>
</testsuite> <!-- com.medopract.testscript.ForgetPasswordTest -->
